<?xml version="1.0" encoding="UTF-8"?>
<!-- Generated by org.testng.reporters.JUnitReportReporter -->
<testsuite skipped="0" hostname="DESKTOP-1RKC60M" name="For_Practice_Maven_Ex.Excel_Data_Read_Ex3" tests="1" failures="0" timestamp="2020-04-21T20:49:08 BST" time="0.789" errors="0">
  <testcase name="Excel_Data_Loop" time="0.789" classname="For_Practice_Maven_Ex.Excel_Data_Read_Ex3"/>
</testsuite> <!-- For_Practice_Maven_Ex.Excel_Data_Read_Ex3 -->
