<?xml version="1.0" encoding="UTF-8"?>
<!-- Generated by org.testng.reporters.JUnitReportReporter -->
<testsuite skipped="0" hostname="DESKTOP-1RKC60M" name="com.test.NewTour_TestNG" tests="1" failures="0" timestamp="2020-03-13T21:13:51 GMT" time="28.706" errors="0">
  <testcase name="Method1" time="28.706" classname="com.test.NewTour_TestNG"/>
  <system-out/>
</testsuite> <!-- com.test.NewTour_TestNG -->
