<?xml version="1.0" encoding="UTF-8"?>
<!-- Generated by org.testng.reporters.JUnitReportReporter -->
<testsuite skipped="0" hostname="DESKTOP-1RKC60M" name="com.test.FileDownload_Ex1" tests="1" failures="0" timestamp="2020-05-02T23:09:21 BST" time="16.747" errors="0">
  <testcase name="File_Download" time="16.747" classname="com.test.FileDownload_Ex1"/>
</testsuite> <!-- com.test.FileDownload_Ex1 -->
