<?xml version="1.0" encoding="UTF-8"?>
<!-- Generated by org.testng.reporters.JUnitReportReporter -->
<testsuite skipped="0" hostname="DESKTOP-1RKC60M" name="For_Practice_Maven_Ex.Drag_N_Drop_Ex" tests="1" failures="0" timestamp="2020-04-25T21:47:04 BST" time="24.728" errors="0">
  <testcase name="DragNdropEx" time="24.728" classname="For_Practice_Maven_Ex.Drag_N_Drop_Ex"/>
</testsuite> <!-- For_Practice_Maven_Ex.Drag_N_Drop_Ex -->
