<?xml version="1.0" encoding="UTF-8"?>
<!-- Generated by org.testng.reporters.JUnitReportReporter -->
<testsuite skipped="0" hostname="DESKTOP-1RKC60M" name="com.test.Excel_Data_Ex1" tests="1" failures="0" timestamp="2020-04-21T20:47:20 BST" time="0.681" errors="0">
  <testcase name="testing_ExcelDataRead" time="0.681" classname="com.test.Excel_Data_Ex1"/>
</testsuite> <!-- com.test.Excel_Data_Ex1 -->
