<?xml version="1.0" encoding="UTF-8"?>
<!-- Generated by org.testng.reporters.JUnitReportReporter -->
<testsuite skipped="0" hostname="DESKTOP-1RKC60M" name="com.test.DropDown" tests="2" failures="0" timestamp="2020-03-13T21:13:51 GMT" time="9.342" errors="0">
  <testcase name="SelectAdvanceDropDown" time="3.123" classname="com.test.DropDown"/>
  <system-out/>
  <testcase name="DropDown" time="6.219" classname="com.test.DropDown"/>
  <system-out/>
</testsuite> <!-- com.test.DropDown -->
