<?xml version="1.0" encoding="UTF-8"?>
<!-- Generated by org.testng.reporters.JUnitReportReporter -->
<testsuite skipped="0" hostname="DESKTOP-1RKC60M" name="com.test.DragAndDrop" tests="1" failures="0" timestamp="2020-04-23T21:56:05 BST" time="20.773" errors="0">
  <testcase name="DragDrop" time="20.773" classname="com.test.DragAndDrop"/>
</testsuite> <!-- com.test.DragAndDrop -->
