<?xml version="1.0" encoding="UTF-8"?>
<!-- Generated by org.testng.reporters.JUnitReportReporter -->
<testsuite skipped="0" hostname="DESKTOP-1RKC60M" name="com.test.FileUploading" tests="1" failures="0" timestamp="2020-04-12T21:53:30 BST" time="20.753" errors="0">
  <testcase name="DragDrop" time="20.753" classname="com.test.FileUploading"/>
  <system-out/>
</testsuite> <!-- com.test.FileUploading -->
