<?xml version="1.0" encoding="UTF-8"?>
<!-- Generated by org.testng.reporters.JUnitReportReporter -->
<testsuite skipped="0" hostname="DESKTOP-1RKC60M" name="com.test.IRCTC_TestNG_Multiple_Tests" tests="2" failures="0" timestamp="2020-03-26T21:47:15 GMT" time="11.974" errors="0">
  <testcase name="trains" time="11.971" classname="com.test.IRCTC_TestNG_Multiple_Tests"/>
  <system-out/>
  <testcase name="testmethod2" time="0.003" classname="com.test.IRCTC_TestNG_Multiple_Tests"/>
  <system-out/>
</testsuite> <!-- com.test.IRCTC_TestNG_Multiple_Tests -->
