<?xml version="1.0" encoding="UTF-8"?>
<!-- Generated by org.testng.reporters.JUnitReportReporter -->
<testsuite skipped="0" hostname="DESKTOP-1RKC60M" name="com.test.WindowHandling" tests="1" failures="0" timestamp="2020-04-04T18:51:06 BST" time="14.152" errors="0">
  <testcase name="Method1" time="14.152" classname="com.test.WindowHandling"/>
  <system-out/>
</testsuite> <!-- com.test.WindowHandling -->
