<?xml version="1.0" encoding="UTF-8"?>
<!-- Generated by org.testng.reporters.JUnitReportReporter -->
<testsuite skipped="0" hostname="DESKTOP-1RKC60M" name="com.test.iframe_List_Ex1" tests="3" failures="0" timestamp="2020-04-03T22:41:08 BST" time="24.240" errors="0">
  <testcase name="Title_Verification" time="3.066" classname="com.test.iframe_List_Ex1"/>
  <system-out/>
  <testcase name="Topic_test" time="9.846" classname="com.test.iframe_List_Ex1"/>
  <system-out/>
  <testcase name="innerFrame_CheckBox" time="11.328" classname="com.test.iframe_List_Ex1"/>
  <system-out/>
</testsuite> <!-- com.test.iframe_List_Ex1 -->
