<?xml version="1.0" encoding="UTF-8"?>
<!-- Generated by org.testng.reporters.JUnitReportReporter -->
<testsuite skipped="0" hostname="DESKTOP-1RKC60M" name="com.test.FrameHandle" tests="1" failures="0" timestamp="2020-03-29T19:02:32 BST" time="0.536" errors="0">
  <testcase name="Method1" time="0.536" classname="com.test.FrameHandle"/>
  <system-out/>
</testsuite> <!-- com.test.FrameHandle -->
