<?xml version="1.0" encoding="UTF-8"?>
<!-- Generated by org.testng.reporters.JUnitReportReporter -->
<testsuite skipped="0" hostname="DESKTOP-1RKC60M" name="com.test.Excel_Data_Read_Loop" tests="1" failures="0" timestamp="2020-04-21T20:17:20 BST" time="1.941" errors="0">
  <testcase name="ExcelFile_Loop" time="1.941" classname="com.test.Excel_Data_Read_Loop"/>
  <system-out/>
</testsuite> <!-- com.test.Excel_Data_Read_Loop -->
