<?xml version="1.0" encoding="UTF-8"?>
<!-- Generated by org.testng.reporters.JUnitReportReporter -->
<testsuite skipped="0" hostname="DESKTOP-1RKC60M" name="com.test.ExcelData" tests="1" failures="0" timestamp="2020-04-12T12:50:06 BST" time="0.794" errors="0">
  <testcase name="testExcel" time="0.794" classname="com.test.ExcelData"/>
  <system-out/>
</testsuite> <!-- com.test.ExcelData -->
