<?xml version="1.0" encoding="UTF-8"?>
<!-- Generated by org.testng.reporters.JUnitReportReporter -->
<testsuite skipped="0" hostname="DESKTOP-1RKC60M" name="com.test.AlertHandle" tests="1" failures="0" timestamp="2020-03-23T22:56:23 GMT" time="2.661" errors="0">
  <testcase name="Test1" time="2.661" classname="com.test.AlertHandle"/>
  <system-out/>
</testsuite> <!-- com.test.AlertHandle -->
